# JRE version: OpenJDK Runtime Environment Temurin-21.0.11+10 (21.0.11+10) (build 21.0.11+10-LTS)
# Java VM: OpenJDK 64-Bit Server VM Temurin-21.0.11+10 (21.0.11+10-LTS, mixed mode, sharing, tiered, compressed oops, compressed class ptrs, g1 gc, windows-amd64)
GC Precious Log:
 CardTable entry size: 512
 Card Set container configuration: InlinePtr #cards 5 size 8 Array Of Cards #cards 12 size 40 Howl #buckets 4 coarsen threshold 1843 Howl Bitmap #cards 512 size 80 coarsen threshold 460 Card regions per heap region 1 cards per card region 2048
 CPUs: 16 total, 16 available
 Memory: 8010M
 Large Page Support: Disabled
 NUMA Support: Disabled
 Compressed Oops: Enabled (32-bit)
 Heap Region Size: 1M
 Heap Min Capacity: 8M
 Heap Initial Capacity: 126M
 Heap Max Capacity: 2004M
 Pre-touch: Disabled
 Parallel Workers: 13
 Concurrent Workers: 3
 Concurrent Refinement Workers: 13
 Periodic GC: Disabled
Heap:
 garbage-first heap   total 141312K, used 39424K [0x0000000082c00000, 0x0000000100000000)
  region size 1024K, 1 young (1024K), 1 survivors (1024K)
 Metaspace       used 29921K, committed 30400K, reserved 1114112K
  class space    used 3403K, committed 3584K, reserved 1048576K
GC Heap History (15 events):
Event: 0.715 GC heap before
{Heap before GC invocations=0 (full 0):
 garbage-first heap   total 129024K, used 23552K [0x0000000082c00000, 0x0000000100000000)
  region size 1024K, 23 young (23552K), 0 survivors (0K)
 Metaspace       used 5540K, committed 5696K, reserved 1114112K
  class space    used 651K, committed 768K, reserved 1048576K
}
Event: 0.720 GC heap after
{Heap after GC invocations=1 (full 0):
 garbage-first heap   total 129024K, used 3730K [0x0000000082c00000, 0x0000000100000000)
  region size 1024K, 3 young (3072K), 3 survivors (3072K)
 Metaspace       used 5540K, committed 5696K, reserved 1114112K
  class space    used 651K, committed 768K, reserved 1048576K
}
Event: 1.225 GC heap before
{Heap before GC invocations=1 (full 0):
 garbage-first heap   total 129024K, used 35474K [0x0000000082c00000, 0x0000000100000000)
  region size 1024K, 34 young (34816K), 3 survivors (3072K)
 Metaspace       used 8408K, committed 8640K, reserved 1114112K
  class space    used 987K, committed 1088K, reserved 1048576K
}
Event: 1.228 GC heap after
{Heap after GC invocations=2 (full 0):
 garbage-first heap   total 129024K, used 5028K [0x0000000082c00000, 0x0000000100000000)
  region size 1024K, 2 young (2048K), 2 survivors (2048K)
 Metaspace       used 8408K, committed 8640K, reserved 1114112K
  class space    used 987K, committed 1088K, reserved 1048576K
}
Event: 2.726 GC heap before
{Heap before GC invocations=2 (full 0):
 garbage-first heap   total 129024K, used 79780K [0x0000000082c00000, 0x0000000100000000)
  region size 1024K, 75 young (76800K), 2 survivors (2048K)
 Metaspace       used 15899K, committed 16128K, reserved 1114112K
  class space    used 1875K, committed 1984K, reserved 1048576K
}
Event: 2.739 GC heap after
{Heap after GC invocations=3 (full 0):
 garbage-first heap   total 129024K, used 13412K [0x0000000082c00000, 0x0000000100000000)
  region size 1024K, 10 young (10240K), 10 survivors (10240K)
 Metaspace       used 15899K, committed 16128K, reserved 1114112K
  class space    used 1875K, committed 1984K, reserved 1048576K
}
Event: 3.730 GC heap before
{Heap before GC invocations=3 (full 0):
 garbage-first heap   total 129024K, used 79972K [0x0000000082c00000, 0x0000000100000000)
  region size 1024K, 75 young (76800K), 10 survivors (10240K)
 Metaspace       used 16827K, committed 17024K, reserved 1114112K
  class space    used 1891K, committed 1984K, reserved 1048576K
}
Event: 3.744 GC heap after
{Heap after GC invocations=4 (full 0):
 garbage-first heap   total 129024K, used 16346K [0x0000000082c00000, 0x0000000100000000)
  region size 1024K, 3 young (3072K), 3 survivors (3072K)
 Metaspace       used 16827K, committed 17024K, reserved 1114112K
  class space    used 1891K, committed 1984K, reserved 1048576K
}
Event: 4.865 GC heap before
{Heap before GC invocations=4 (full 0):
 garbage-first heap   total 129024K, used 71642K [0x0000000082c00000, 0x0000000100000000)
  region size 1024K, 53 young (54272K), 3 survivors (3072K)
 Metaspace       used 21187K, committed 21504K, reserved 1114112K
  class space    used 2379K, committed 2560K, reserved 1048576K
}
Event: 4.876 GC heap after
{Heap after GC invocations=5 (full 0):
 garbage-first heap   total 129024K, used 26607K [0x0000000082c00000, 0x0000000100000000)
  region size 1024K, 9 young (9216K), 9 survivors (9216K)
 Metaspace       used 21187K, committed 21504K, reserved 1114112K
  class space    used 2379K, committed 2560K, reserved 1048576K
}
Event: 6.811 GC heap before
{Heap before GC invocations=6 (full 0):
 garbage-first heap   total 89088K, used 89071K [0x0000000082c00000, 0x0000000100000000)
  region size 1024K, 69 young (70656K), 9 survivors (9216K)
 Metaspace       used 28142K, committed 28544K, reserved 1114112K
  class space    used 3160K, committed 3328K, reserved 1048576K
}
Event: 7.965 GC heap after
{Heap after GC invocations=7 (full 0):
 garbage-first heap   total 111616K, used 38864K [0x0000000082c00000, 0x0000000100000000)
  region size 1024K, 10 young (10240K), 10 survivors (10240K)
 Metaspace       used 28142K, committed 28544K, reserved 1114112K
  class space    used 3160K, committed 3328K, reserved 1048576K
}
Event: 7.984 GC heap before
{Heap before GC invocations=7 (full 0):
 garbage-first heap   total 111616K, used 39888K [0x0000000082c00000, 0x0000000100000000)
  region size 1024K, 11 young (11264K), 10 survivors (10240K)
 Metaspace       used 28156K, committed 28544K, reserved 1114112K
  class space    used 3167K, committed 3328K, reserved 1048576K
}
Event: 7.996 GC heap after
{Heap after GC invocations=8 (full 0):
 garbage-first heap   total 111616K, used 39424K [0x0000000082c00000, 0x0000000100000000)
  region size 1024K, 1 young (1024K), 1 survivors (1024K)
 Metaspace       used 28156K, committed 28544K, reserved 1114112K
  class space    used 3167K, committed 3328K, reserved 1048576K
}
Event: 8.735 GC heap before
{Heap before GC invocations=8 (full 0):
 garbage-first heap   total 111616K, used 71168K [0x0000000082c00000, 0x0000000100000000)
  region size 1024K, 33 young (33792K), 1 survivors (1024K)
 Metaspace       used 29921K, committed 30400K, reserved 1114112K
  class space    used 3403K, committed 3584K, reserved 1048576K
}

